Phase 0 time 1
Class 0:
Minimum packet latency = 1.79769e+308
Average packet latency = -nan
Maximum packet latency = 2.22507e-308
Minimum network latency = 1.79769e+308
Average network latency = -nan
Maximum network latency = 2.22507e-308
Slowest packet = -1
Minimum flit latency = 1.79769e+308
Average flit latency = -nan
Maximum flit latency = 2.22507e-308
Slowest flit = -1
Minimum fragmentation = 1.79769e+308
Average fragmentation = -nan
Maximum fragmentation = 2.22507e-308
Minimum injected packet rate = 0 (at node 0)
Average injected packet rate = 0
Maximum injected packet rate = 0 (at node 0)
Minimum accepted packet rate = 0 (at node 0)
Average accepted packet rate = 0
Maximum accepted packet rate = 0 (at node 0)
Minimum injected flit rate = 0 (at node 0)
Average injected flit rate = 0
Maximum injected flit rate = 0 (at node 0)
Minimum accepted flit rate = 0 (at node 0)
Average accepted flit rate = 0
Maximum accepted flit rate = 0 (at node 0)
Average injected packet length = -nan
Average accepted packet length = -nan
Total in-flight flits = 0 (0 measured)
latency change    = nan
throughput change = nan

Phase 1 time 1000001
Class 0:
Minimum packet latency = 8
Average packet latency = 11.0136
Maximum packet latency = 19
Minimum network latency = 8
Average network latency = 11.0136
Maximum network latency = 19
Slowest packet = 43
Minimum flit latency = 8
Average flit latency = 9.01893
Maximum flit latency = 15
Slowest flit = 127
Minimum fragmentation = 0
Average fragmentation = 0.00487286
Maximum fragmentation = 5
Minimum injected packet rate = 0.001863 (at node 3)
Average injected packet rate = 0.00282175
Maximum injected packet rate = 0.00564399 (at node 0)
Minimum accepted packet rate = 0.001863 (at node 3)
Average accepted packet rate = 0.00282175
Maximum accepted packet rate = 0.00564299 (at node 0)
Minimum injected flit rate = 0.00608699 (at node 3)
Average injected flit rate = 0.00846474
Maximum injected flit rate = 0.015444 (at node 0)
Minimum accepted flit rate = 0.00509099 (at node 3)
Average accepted flit rate = 0.00846474
Maximum accepted flit rate = 0.018415 (at node 0)
Average injected packet length = 2.99982
Average accepted packet length = 2.99982
Total in-flight flits = 0 (0 measured)
latency change    = nan
throughput change = 1

Phase 2 time 2000001
Class 0:
Minimum packet latency = 8
Average packet latency = 11.0342
Maximum packet latency = 19
Minimum network latency = 8
Average network latency = 11.0342
Maximum network latency = 19
Slowest packet = 43
Minimum flit latency = 8
Average flit latency = 9.03837
Maximum flit latency = 15
Slowest flit = 127
Minimum fragmentation = 0
Average fragmentation = 0.00961838
Maximum fragmentation = 5
Minimum injected packet rate = 0.0016005 (at node 2)
Average injected packet rate = 0.00240425
Maximum injected packet rate = 0.0048085 (at node 0)
Minimum accepted packet rate = 0.0016005 (at node 2)
Average accepted packet rate = 0.00240425
Maximum accepted packet rate = 0.0048085 (at node 0)
Minimum injected flit rate = 0.0050565 (at node 2)
Average injected flit rate = 0.00721275
Maximum injected flit rate = 0.0136585 (at node 0)
Minimum accepted flit rate = 0.0045465 (at node 2)
Average accepted flit rate = 0.00721275
Maximum accepted flit rate = 0.0151925 (at node 0)
Average injected packet length = 3
Average accepted packet length = 3
Total in-flight flits = 0 (0 measured)
latency change    = 0.00186386
throughput change = 0.173581

Phase 3 time 3000001
Class 0:
Minimum packet latency = 8
Average packet latency = 11.0301
Maximum packet latency = 19
Minimum network latency = 8
Average network latency = 11.0301
Maximum network latency = 19
Slowest packet = 43
Minimum flit latency = 8
Average flit latency = 9.03433
Maximum flit latency = 15
Slowest flit = 127
Minimum fragmentation = 0
Average fragmentation = 0.0089327
Maximum fragmentation = 5
Minimum injected packet rate = 0.001196 (at node 3)
Average injected packet rate = 0.0018005
Maximum injected packet rate = 0.003601 (at node 0)
Minimum accepted packet rate = 0.001196 (at node 3)
Average accepted packet rate = 0.0018005
Maximum accepted packet rate = 0.003601 (at node 0)
Minimum injected flit rate = 0.00375867 (at node 3)
Average injected flit rate = 0.0054015
Maximum injected flit rate = 0.0102917 (at node 0)
Minimum accepted flit rate = 0.00341733 (at node 3)
Average accepted flit rate = 0.0054015
Maximum accepted flit rate = 0.0113143 (at node 0)
Average injected packet length = 3
Average accepted packet length = 3
Total in-flight flits = 0 (0 measured)
latency change    = 0.000374069
throughput change = 0.335323

Phase 4 time 4000001
Class 0:
Minimum packet latency = 8
Average packet latency = 11.0339
Maximum packet latency = 20
Minimum network latency = 8
Average network latency = 11.0339
Maximum network latency = 20
Slowest packet = 26039
Minimum flit latency = 8
Average flit latency = 9.03758
Maximum flit latency = 16
Slowest flit = 78115
Minimum fragmentation = 0
Average fragmentation = 0.00860756
Maximum fragmentation = 5
Minimum injected packet rate = 0.0010865 (at node 2)
Average injected packet rate = 0.001641
Maximum injected packet rate = 0.003282 (at node 0)
Minimum accepted packet rate = 0.0010865 (at node 2)
Average accepted packet rate = 0.001641
Maximum accepted packet rate = 0.003282 (at node 0)
Minimum injected flit rate = 0.0033875 (at node 2)
Average injected flit rate = 0.004923
Maximum injected flit rate = 0.009462 (at node 0)
Minimum accepted flit rate = 0.0031315 (at node 2)
Average accepted flit rate = 0.004923
Maximum accepted flit rate = 0.01023 (at node 0)
Average injected packet length = 3
Average accepted packet length = 3
Total in-flight flits = 0 (0 measured)
latency change    = 0.000345551
throughput change = 0.0971967

Phase 5 time 5000001
Class 0:
Minimum packet latency = 8
Average packet latency = 11.0396
Maximum packet latency = 20
Minimum network latency = 8
Average network latency = 11.0396
Maximum network latency = 20
Slowest packet = 26039
Minimum flit latency = 8
Average flit latency = 9.04185
Maximum flit latency = 16
Slowest flit = 78115
Minimum fragmentation = 0
Average fragmentation = 0.0103446
Maximum fragmentation = 5
Minimum injected packet rate = 0.0011508 (at node 2)
Average injected packet rate = 0.0017352
Maximum injected packet rate = 0.0034704 (at node 0)
Minimum accepted packet rate = 0.0011508 (at node 2)
Average accepted packet rate = 0.0017352
Maximum accepted packet rate = 0.0034704 (at node 0)
Minimum injected flit rate = 0.0035548 (at node 2)
Average injected flit rate = 0.0052056
Maximum injected flit rate = 0.010104 (at node 0)
Minimum accepted flit rate = 0.00335 (at node 2)
Average accepted flit rate = 0.0052056
Maximum accepted flit rate = 0.0107184 (at node 0)
Average injected packet length = 3
Average accepted packet length = 3
Total in-flight flits = 0 (0 measured)
latency change    = 0.000515867
throughput change = 0.0542877

Phase 6 time 6000001
Class 0:
Minimum packet latency = 8
Average packet latency = 11.0397
Maximum packet latency = 20
Minimum network latency = 8
Average network latency = 11.0397
Maximum network latency = 20
Slowest packet = 26039
Minimum flit latency = 8
Average flit latency = 9.04197
Maximum flit latency = 16
Slowest flit = 78115
Minimum fragmentation = 0
Average fragmentation = 0.00990072
Maximum fragmentation = 5
Minimum injected packet rate = 0.001022 (at node 1)
Average injected packet rate = 0.0015445
Maximum injected packet rate = 0.003089 (at node 0)
Minimum accepted packet rate = 0.001022 (at node 1)
Average accepted packet rate = 0.0015445
Maximum accepted packet rate = 0.003089 (at node 0)
Minimum injected flit rate = 0.00315133 (at node 1)
Average injected flit rate = 0.0046335
Maximum injected flit rate = 0.009011 (at node 0)
Minimum accepted flit rate = 0.00298067 (at node 1)
Average accepted flit rate = 0.0046335
Maximum accepted flit rate = 0.009523 (at node 0)
Average injected packet length = 3
Average accepted packet length = 3
Total in-flight flits = 0 (0 measured)
latency change    = 1.07633e-05
throughput change = 0.12347

Phase 7 time 7000001
Class 0:
Minimum packet latency = 8
Average packet latency = 11.0384
Maximum packet latency = 20
Minimum network latency = 8
Average network latency = 11.0384
Maximum network latency = 20
Slowest packet = 26039
Minimum flit latency = 8
Average flit latency = 9.03993
Maximum flit latency = 16
Slowest flit = 78115
Minimum fragmentation = 0
Average fragmentation = 0.00907741
Maximum fragmentation = 5
Minimum injected packet rate = 0.000984571 (at node 1)
Average injected packet rate = 0.00149114
Maximum injected packet rate = 0.00298229 (at node 0)
Minimum accepted packet rate = 0.000984571 (at node 1)
Average accepted packet rate = 0.00149114
Maximum accepted packet rate = 0.00298229 (at node 0)
Minimum injected flit rate = 0.00302686 (at node 1)
Average injected flit rate = 0.00447343
Maximum injected flit rate = 0.00872743 (at node 0)
Minimum accepted flit rate = 0.00288057 (at node 1)
Average accepted flit rate = 0.00447343
Maximum accepted flit rate = 0.00916628 (at node 0)
Average injected packet length = 3
Average accepted packet length = 3
Total in-flight flits = 0 (0 measured)
latency change    = 0.00012152
throughput change = 0.0357827

Phase 8 time 8000001
Class 0:
Minimum packet latency = 8
Average packet latency = 11.0442
Maximum packet latency = 20
Minimum network latency = 8
Average network latency = 11.0442
Maximum network latency = 20
Slowest packet = 26039
Minimum flit latency = 8
Average flit latency = 9.04554
Maximum flit latency = 16
Slowest flit = 78115
Minimum fragmentation = 0
Average fragmentation = 0.00996737
Maximum fragmentation = 5
Minimum injected packet rate = 0.00103725 (at node 1)
Average injected packet rate = 0.00157075
Maximum injected packet rate = 0.0031415 (at node 0)
Minimum accepted packet rate = 0.00103725 (at node 1)
Average accepted packet rate = 0.00157075
Maximum accepted packet rate = 0.0031415 (at node 0)
Minimum injected flit rate = 0.00317575 (at node 1)
Average injected flit rate = 0.00471225
Maximum injected flit rate = 0.0092325 (at node 0)
Minimum accepted flit rate = 0.00304775 (at node 1)
Average accepted flit rate = 0.00471225
Maximum accepted flit rate = 0.0096165 (at node 0)
Average injected packet length = 3
Average accepted packet length = 3
Total in-flight flits = 0 (0 measured)
latency change    = 0.000526727
throughput change = 0.050681

Phase 9 time 9000001
Class 0:
Minimum packet latency = 8
Average packet latency = 11.0428
Maximum packet latency = 20
Minimum network latency = 8
Average network latency = 11.0428
Maximum network latency = 20
Slowest packet = 26039
Minimum flit latency = 8
Average flit latency = 9.04408
Maximum flit latency = 16
Slowest flit = 78115
Minimum fragmentation = 0
Average fragmentation = 0.00967155
Maximum fragmentation = 5
Minimum injected packet rate = 0.000963555 (at node 1)
Average injected packet rate = 0.00146478
Maximum injected packet rate = 0.00292956 (at node 0)
Minimum accepted packet rate = 0.000963555 (at node 1)
Average accepted packet rate = 0.00146478
Maximum accepted packet rate = 0.00292956 (at node 0)
Minimum injected flit rate = 0.00294756 (at node 1)
Average injected flit rate = 0.00439433
Maximum injected flit rate = 0.008618 (at node 0)
Minimum accepted flit rate = 0.00283378 (at node 1)
Average accepted flit rate = 0.00439433
Maximum accepted flit rate = 0.00895933 (at node 0)
Average injected packet length = 3
Average accepted packet length = 3
Total in-flight flits = 0 (0 measured)
latency change    = 0.000127171
throughput change = 0.0723469

Phase 10 time 10000001
Class 0:
Minimum packet latency = 8
Average packet latency = 11.0442
Maximum packet latency = 20
Minimum network latency = 8
Average network latency = 11.0442
Maximum network latency = 20
Slowest packet = 26039
Minimum flit latency = 8
Average flit latency = 9.04518
Maximum flit latency = 16
Slowest flit = 78115
Minimum fragmentation = 0
Average fragmentation = 0.00923206
Maximum fragmentation = 5
Minimum injected packet rate = 0.0009394 (at node 1)
Average injected packet rate = 0.0014298
Maximum injected packet rate = 0.0028596 (at node 0)
Minimum accepted packet rate = 0.0009394 (at node 1)
Average accepted packet rate = 0.0014298
Maximum accepted packet rate = 0.0028596 (at node 0)
Minimum injected flit rate = 0.0028694 (at node 1)
Average injected flit rate = 0.0042894
Maximum injected flit rate = 0.0084252 (at node 0)
Minimum accepted flit rate = 0.002767 (at node 1)
Average accepted flit rate = 0.0042894
Maximum accepted flit rate = 0.0087324 (at node 0)
Average injected packet length = 3
Average accepted packet length = 3
Total in-flight flits = 0 (0 measured)
latency change    = 0.000126956
throughput change = 0.0244634

Phase 11 time 11000001
Class 0:
Minimum packet latency = 8
Average packet latency = 11.0473
Maximum packet latency = 20
Minimum network latency = 8
Average network latency = 11.0473
Maximum network latency = 20
Slowest packet = 26039
Minimum flit latency = 8
Average flit latency = 9.04818
Maximum flit latency = 16
Slowest flit = 78115
Minimum fragmentation = 0
Average fragmentation = 0.0097186
Maximum fragmentation = 5
Minimum injected packet rate = 0.000986909 (at node 1)
Average injected packet rate = 0.001499
Maximum injected packet rate = 0.002998 (at node 0)
Minimum accepted packet rate = 0.000986909 (at node 1)
Average accepted packet rate = 0.001499
Maximum accepted packet rate = 0.002998 (at node 0)
Minimum injected flit rate = 0.00300727 (at node 1)
Average injected flit rate = 0.004497
Maximum injected flit rate = 0.00885436 (at node 0)
Minimum accepted flit rate = 0.00291418 (at node 1)
Average accepted flit rate = 0.004497
Maximum accepted flit rate = 0.00913364 (at node 0)
Average injected packet length = 3
Average accepted packet length = 3
Total in-flight flits = 0 (0 measured)
latency change    = 0.000285144
throughput change = 0.0461641

Phase 12 time 12000001
Class 0:
Minimum packet latency = 8
Average packet latency = 11.0432
Maximum packet latency = 20
Minimum network latency = 8
Average network latency = 11.0432
Maximum network latency = 20
Slowest packet = 26039
Minimum flit latency = 8
Average flit latency = 9.04403
Maximum flit latency = 16
Slowest flit = 78115
Minimum fragmentation = 0
Average fragmentation = 0.00951699
Maximum fragmentation = 5
Minimum injected packet rate = 0.000942667 (at node 1)
Average injected packet rate = 0.00142508
Maximum injected packet rate = 0.00285017 (at node 0)
Minimum accepted packet rate = 0.000942667 (at node 1)
Average accepted packet rate = 0.00142508
Maximum accepted packet rate = 0.00285017 (at node 0)
Minimum injected flit rate = 0.00287067 (at node 1)
Average injected flit rate = 0.00427525
Maximum injected flit rate = 0.0084225 (at node 0)
Minimum accepted flit rate = 0.00278533 (at node 1)
Average accepted flit rate = 0.00427525
Maximum accepted flit rate = 0.0086785 (at node 0)
Average injected packet length = 3
Average accepted packet length = 3
Total in-flight flits = 0 (0 measured)
latency change    = 0.00037712
throughput change = 0.0518683

Phase 13 time 13000001
Class 0:
Minimum packet latency = 8
Average packet latency = 11.0488
Maximum packet latency = 21
Minimum network latency = 8
Average network latency = 11.0488
Maximum network latency = 21
Slowest packet = 71308
Minimum flit latency = 8
Average flit latency = 9.0496
Maximum flit latency = 21
Slowest flit = 213925
Minimum fragmentation = 0
Average fragmentation = 0.0091728
Maximum fragmentation = 5
Minimum injected packet rate = 0.000925231 (at node 2)
Average injected packet rate = 0.00140046
Maximum injected packet rate = 0.00280092 (at node 0)
Minimum accepted packet rate = 0.000925231 (at node 2)
Average accepted packet rate = 0.00140046
Maximum accepted packet rate = 0.00280092 (at node 0)
Minimum injected flit rate = 0.00281508 (at node 2)
Average injected flit rate = 0.00420138
Maximum injected flit rate = 0.00828461 (at node 0)
Minimum accepted flit rate = 0.00273631 (at node 2)
Average accepted flit rate = 0.00420138
Maximum accepted flit rate = 0.00852092 (at node 0)
Average injected packet length = 3
Average accepted packet length = 3
Total in-flight flits = 0 (0 measured)
latency change    = 0.00051352
throughput change = 0.0175812

Phase 14 time 14000001
Class 0:
Minimum packet latency = 8
Average packet latency = 11.0478
Maximum packet latency = 21
Minimum network latency = 8
Average network latency = 11.0478
Maximum network latency = 21
Slowest packet = 71308
Minimum flit latency = 8
Average flit latency = 9.04821
Maximum flit latency = 21
Slowest flit = 213925
Minimum fragmentation = 0
Average fragmentation = 0.0103529
Maximum fragmentation = 5
Minimum injected packet rate = 0.000972 (at node 2)
Average injected packet rate = 0.00146957
Maximum injected packet rate = 0.00293914 (at node 0)
Minimum accepted packet rate = 0.000972 (at node 2)
Average accepted packet rate = 0.00146957
Maximum accepted packet rate = 0.00293914 (at node 0)
Minimum injected flit rate = 0.00295257 (at node 2)
Average injected flit rate = 0.00440871
Maximum injected flit rate = 0.00870771 (at node 0)
Minimum accepted flit rate = 0.00287943 (at node 2)
Average accepted flit rate = 0.00440871
Maximum accepted flit rate = 0.00892714 (at node 0)
Average injected packet length = 3
Average accepted packet length = 3
Total in-flight flits = 0 (0 measured)
latency change    = 9.75029e-05
throughput change = 0.0470272

Phase 15 time 15000001
Class 0:
Minimum packet latency = 8
Average packet latency = 11.0477
Maximum packet latency = 21
Minimum network latency = 8
Average network latency = 11.0477
Maximum network latency = 21
Slowest packet = 71308
Minimum flit latency = 8
Average flit latency = 9.04824
Maximum flit latency = 21
Slowest flit = 213925
Minimum fragmentation = 0
Average fragmentation = 0.0101549
Maximum fragmentation = 5
Minimum injected packet rate = 0.000932667 (at node 2)
Average injected packet rate = 0.00141147
Maximum injected packet rate = 0.00282293 (at node 0)
Minimum accepted packet rate = 0.000932667 (at node 2)
Average accepted packet rate = 0.00141147
Maximum accepted packet rate = 0.00282293 (at node 0)
Minimum injected flit rate = 0.00283213 (at node 2)
Average injected flit rate = 0.0042344
Maximum injected flit rate = 0.0083664 (at node 0)
Minimum accepted flit rate = 0.00276387 (at node 2)
Average accepted flit rate = 0.0042344
Maximum accepted flit rate = 0.0085712 (at node 0)
Average injected packet length = 3
Average accepted packet length = 3
Total in-flight flits = 0 (0 measured)
latency change    = 8.82606e-06
throughput change = 0.0411662

Phase 16 time 16000001
Class 0:
Minimum packet latency = 8
Average packet latency = 11.0489
Maximum packet latency = 21
Minimum network latency = 8
Average network latency = 11.0489
Maximum network latency = 21
Slowest packet = 71308
Minimum flit latency = 8
Average flit latency = 9.04935
Maximum flit latency = 21
Slowest flit = 213925
Minimum fragmentation = 0
Average fragmentation = 0.0100436
Maximum fragmentation = 5
Minimum injected packet rate = 0.000918375 (at node 2)
Average injected packet rate = 0.00139081
Maximum injected packet rate = 0.00278162 (at node 0)
Minimum accepted packet rate = 0.000918375 (at node 2)
Average accepted packet rate = 0.00139081
Maximum accepted packet rate = 0.00278162 (at node 0)
Minimum injected flit rate = 0.00278712 (at node 2)
Average injected flit rate = 0.00417244
Maximum injected flit rate = 0.00824887 (at node 0)
Minimum accepted flit rate = 0.00272312 (at node 2)
Average accepted flit rate = 0.00417244
Maximum accepted flit rate = 0.00844087 (at node 0)
Average injected packet length = 3
Average accepted packet length = 3
Total in-flight flits = 0 (0 measured)
latency change    = 0.000111724
throughput change = 0.0148504

Phase 17 time 16444091
Class 0:
Minimum packet latency = 8
Average packet latency = 11.0485
Maximum packet latency = 21
Minimum network latency = 8
Average network latency = 11.0485
Maximum network latency = 21
Slowest packet = 71308
Minimum flit latency = 8
Average flit latency = 9.04901
Maximum flit latency = 21
Slowest flit = 213925
Minimum fragmentation = 0
Average fragmentation = 0.00977244
Maximum fragmentation = 5
Minimum injected packet rate = 0.000944777 (at node 2)
Average injected packet rate = 0.00142969
Maximum injected packet rate = 0.00285939 (at node 0)
Minimum accepted packet rate = 0.000944777 (at node 2)
Average accepted packet rate = 0.00142969
Maximum accepted packet rate = 0.00285939 (at node 0)
Minimum injected flit rate = 0.00286547 (at node 2)
Average injected flit rate = 0.00428908
Maximum injected flit rate = 0.00848475 (at node 0)
Minimum accepted flit rate = 0.0028032 (at node 2)
Average accepted flit rate = 0.00428908
Maximum accepted flit rate = 0.00867156 (at node 0)
Average injected packet length = 3
Average accepted packet length = 3
Total in-flight flits = 0 (0 measured)
latency change    = 3.35772e-05
throughput change = 0.027195

Draining remaining packets ...
Time 16444091
Total phase 18
Time taken is 16444091 cycles
====== Traffic class 0 ======
Overall minimum packet latency = 8 (1 samples)
Overall average packet latency = 11.0485 (1 samples)
Overall maximum packet latency = 21 (1 samples)
Overall minimum network latency = 8 (1 samples)
Overall average network latency = 11.0485 (1 samples)
Overall maximum network latency = 21 (1 samples)
Overall minimum flit latency = 8 (1 samples)
Overall average flit latency = 9.04901 (1 samples)
Overall maximum flit latency = 21 (1 samples)
Overall minimum fragmentation = 0 (1 samples)
Overall average fragmentation = 0.00977244 (1 samples)
Overall maximum fragmentation = 5 (1 samples)
Overall minimum injected packet rate = 0.000944777 (1 samples)
Overall average injected packet rate = 0.00142969 (1 samples)
Overall maximum injected packet rate = 0.00285939 (1 samples)
Overall minimum accepted packet rate = 0.000944777 (1 samples)
Overall average accepted packet rate = 0.00142969 (1 samples)
Overall maximum accepted packet rate = 0.00285939 (1 samples)
Overall minimum injected flit rate = 0.00286547 (1 samples)
Overall average injected flit rate = 0.00428908 (1 samples)
Overall maximum injected flit rate = 0.00848475 (1 samples)
Overall minimum accepted flit rate = 0.0028032 (1 samples)
Overall average accepted flit rate = 0.00428908 (1 samples)
Overall maximum accepted flit rate = 0.00867156 (1 samples)
Overall average injected packet size = 3 (1 samples)
Overall average accepted packet size = 3 (1 samples)
Overall average hops = 2.339 (1 samples)
BookSim: Total_run_time 11.4224
